<?xml version="1.0" encoding="UTF-8"?>
<testsuite name="study.StringTest" tests="1" skipped="0" failures="0" errors="0" timestamp="2023-11-01T04:17:50" hostname="KimSungSikui-MacBookPro.local" time="0.016">
  <properties/>
  <testcase name="배열의 index중 가장 글자 수가 가장 긴 index 찾기()" classname="study.StringTest" time="0.016"/>
  <system-out><![CDATA[]]></system-out>
  <system-err><![CDATA[]]></system-err>
</testsuite>
