<?xml version="1.0" encoding="UTF-8"?>
<testsuite name="christmas.ApplicationTest" tests="17" skipped="0" failures="0" errors="0" timestamp="2023-11-14T10:39:52" hostname="KimSungSikui-MacBookPro.local" time="0.08">
  <properties/>
  <testcase name="매주 일요일과 크리스마스 당일에 특별 이벤트가 적용()" classname="christmas.ApplicationTest" time="0.05"/>
  <testcase name="혜택 금액별 해당되는 뱃지 지급()" classname="christmas.ApplicationTest" time="0.0"/>
  <testcase name="디데이 이벤트 출력()" classname="christmas.ApplicationTest" time="0.002"/>
  <testcase name="주말에 메인 메뉴 1개당 2023원 할인 적용()" classname="christmas.ApplicationTest" time="0.002"/>
  <testcase name="방문 날짜가 1~31일 사이의 값이 아닐 경우 예외 발생()" classname="christmas.ApplicationTest" time="0.001"/>
  <testcase name="샴페인을 증정 받았을 때 혜택금액에 샴페인 가격이 추가되고, 할인 후 결제 금액에서는 제외()" classname="christmas.ApplicationTest" time="0.003"/>
  <testcase name="메뉴에 없는 상품을 주문할 경우 예외 발생()" classname="christmas.ApplicationTest" time="0.001"/>
  <testcase name="음료 메뉴만 주문했을 때 예외 발생()" classname="christmas.ApplicationTest" time="0.001"/>
  <testcase name="총 주문 금액이 120000원 이상이면 샴페인을 증정()" classname="christmas.ApplicationTest" time="0.001"/>
  <testcase name="혜택 내역 없음 출력()" classname="christmas.ApplicationTest" time="0.001"/>
  <testcase name="주문 예외 테스트()" classname="christmas.ApplicationTest" time="0.001"/>
  <testcase name="평일에 디저트 메뉴 1개당 2023원 할인 적용()" classname="christmas.ApplicationTest" time="0.001"/>
  <testcase name="메뉴를 20개 이상 주문 할 경우 예외 발생()" classname="christmas.ApplicationTest" time="0.001"/>
  <testcase name="날짜 예외 테스트()" classname="christmas.ApplicationTest" time="0.001"/>
  <testcase name="모든 타이틀 출력()" classname="christmas.ApplicationTest" time="0.002"/>
  <testcase name="메뉴를 1개도 주문하지 않을 경우 예외 발생()" classname="christmas.ApplicationTest" time="0.001"/>
  <testcase name="크리스마스가 지나면 디데이 이벤트가 적용되지 않음()" classname="christmas.ApplicationTest" time="0.001"/>
  <system-out><![CDATA[안녕하세요! 우테코 식당 12월 이벤트 플래너입니다.
12월 중 식당 예상 방문 날짜는 언제인가요? (숫자만 입력해 주세요!)
주문하실 메뉴를 메뉴와 개수를 알려 주세요. (e.g. 해산물파스타-2,레드와인-1,초코케이크-1)
12월 25일에 우테코 식당에서 받을 이벤트 혜택 미리 보기!

<주문 메뉴>
티본스테이크 1개
바비큐립 1개
초코케이크 2개
제로콜라 1개

<할인 전 총주문 금액>
142000원

<증정 메뉴>
샴페인 1개

<혜택 내역>
크리스마스 디데이 할인: -3400원
평일 할인: -4046원
특별 할인: -1000원
증정 이벤트: -25000원

<총혜택 금액>
-33446원

<할인 후 예상 결제 금액>
133554원

<12월 이벤트 배지>
산타

안녕하세요! 우테코 식당 12월 이벤트 플래너입니다.
12월 중 식당 예상 방문 날짜는 언제인가요? (숫자만 입력해 주세요!)
주문하실 메뉴를 메뉴와 개수를 알려 주세요. (e.g. 해산물파스타-2,레드와인-1,초코케이크-1)
12월 25일에 우테코 식당에서 받을 이벤트 혜택 미리 보기!

<주문 메뉴>
해산물파스타 2개
레드와인 1개
초코케이크 1개

<할인 전 총주문 금액>
145000원

<증정 메뉴>
샴페인 1개

<혜택 내역>
크리스마스 디데이 할인: -3400원
평일 할인: -2023원
특별 할인: -1000원
증정 이벤트: -25000원

<총혜택 금액>
-31423원

<할인 후 예상 결제 금액>
138577원

<12월 이벤트 배지>
산타
안녕하세요! 우테코 식당 12월 이벤트 플래너입니다.
12월 중 식당 예상 방문 날짜는 언제인가요? (숫자만 입력해 주세요!)
주문하실 메뉴를 메뉴와 개수를 알려 주세요. (e.g. 해산물파스타-2,레드와인-1,초코케이크-1)
12월 8일에 우테코 식당에서 받을 이벤트 혜택 미리 보기!

<주문 메뉴>
티본스테이크 1개
바비큐립 1개
초코케이크 2개
제로콜라 1개

<할인 전 총주문 금액>
142000원

<증정 메뉴>
샴페인 1개

<혜택 내역>
크리스마스 디데이 할인: -1700원
주말 할인: -4046원
특별 할인: -0원
증정 이벤트: -25000원

<총혜택 금액>
-30746원

<할인 후 예상 결제 금액>
136254원

<12월 이벤트 배지>
산타
안녕하세요! 우테코 식당 12월 이벤트 플래너입니다.
12월 중 식당 예상 방문 날짜는 언제인가요? (숫자만 입력해 주세요!)
[ERROR] 유효하지 않은 날짜입니다. 다시 입력해 주세요.
안녕하세요! 우테코 식당 12월 이벤트 플래너입니다.
12월 중 식당 예상 방문 날짜는 언제인가요? (숫자만 입력해 주세요!)
안녕하세요! 우테코 식당 12월 이벤트 플래너입니다.
12월 중 식당 예상 방문 날짜는 언제인가요? (숫자만 입력해 주세요!)
주문하실 메뉴를 메뉴와 개수를 알려 주세요. (e.g. 해산물파스타-2,레드와인-1,초코케이크-1)
12월 8일에 우테코 식당에서 받을 이벤트 혜택 미리 보기!

<주문 메뉴>
티본스테이크 1개
바비큐립 1개
초코케이크 2개
제로콜라 1개

<할인 전 총주문 금액>
142000원

<증정 메뉴>
샴페인 1개

<혜택 내역>
크리스마스 디데이 할인: -1700원
주말 할인: -4046원
특별 할인: -0원
증정 이벤트: -25000원

<총혜택 금액>
-30746원

<할인 후 예상 결제 금액>
136254원

<12월 이벤트 배지>
산타
안녕하세요! 우테코 식당 12월 이벤트 플래너입니다.
12월 중 식당 예상 방문 날짜는 언제인가요? (숫자만 입력해 주세요!)
주문하실 메뉴를 메뉴와 개수를 알려 주세요. (e.g. 해산물파스타-2,레드와인-1,초코케이크-1)
[ERROR] 유효하지 않은 주문입니다. 다시 입력해 주세요.
주문하실 메뉴를 메뉴와 개수를 알려 주세요. (e.g. 해산물파스타-2,레드와인-1,초코케이크-1)
안녕하세요! 우테코 식당 12월 이벤트 플래너입니다.
12월 중 식당 예상 방문 날짜는 언제인가요? (숫자만 입력해 주세요!)
주문하실 메뉴를 메뉴와 개수를 알려 주세요. (e.g. 해산물파스타-2,레드와인-1,초코케이크-1)
[ERROR] 유효하지 않은 주문입니다. 다시 입력해 주세요.
주문하실 메뉴를 메뉴와 개수를 알려 주세요. (e.g. 해산물파스타-2,레드와인-1,초코케이크-1)
안녕하세요! 우테코 식당 12월 이벤트 플래너입니다.
12월 중 식당 예상 방문 날짜는 언제인가요? (숫자만 입력해 주세요!)
주문하실 메뉴를 메뉴와 개수를 알려 주세요. (e.g. 해산물파스타-2,레드와인-1,초코케이크-1)
12월 3일에 우테코 식당에서 받을 이벤트 혜택 미리 보기!

<주문 메뉴>
티본스테이크 1개
바비큐립 1개
초코케이크 2개
제로콜라 1개

<할인 전 총주문 금액>
142000원

<증정 메뉴>
샴페인 1개

<혜택 내역>
크리스마스 디데이 할인: -1200원
평일 할인: -4046원
특별 할인: -1000원
증정 이벤트: -25000원

<총혜택 금액>
-31246원

<할인 후 예상 결제 금액>
135754원

<12월 이벤트 배지>
산타
안녕하세요! 우테코 식당 12월 이벤트 플래너입니다.
12월 중 식당 예상 방문 날짜는 언제인가요? (숫자만 입력해 주세요!)
주문하실 메뉴를 메뉴와 개수를 알려 주세요. (e.g. 해산물파스타-2,레드와인-1,초코케이크-1)
12월 26일에 우테코 식당에서 받을 이벤트 혜택 미리 보기!

<주문 메뉴>
타파스 1개
제로콜라 1개

<할인 전 총주문 금액>
8500원

<증정 메뉴>
없음

<혜택 내역>
없음

<총혜택 금액>
-0원

<할인 후 예상 결제 금액>
8500원

<12월 이벤트 배지>
없음
안녕하세요! 우테코 식당 12월 이벤트 플래너입니다.
12월 중 식당 예상 방문 날짜는 언제인가요? (숫자만 입력해 주세요!)
주문하실 메뉴를 메뉴와 개수를 알려 주세요. (e.g. 해산물파스타-2,레드와인-1,초코케이크-1)
[ERROR] 유효하지 않은 주문입니다. 다시 입력해 주세요.
주문하실 메뉴를 메뉴와 개수를 알려 주세요. (e.g. 해산물파스타-2,레드와인-1,초코케이크-1)
안녕하세요! 우테코 식당 12월 이벤트 플래너입니다.
12월 중 식당 예상 방문 날짜는 언제인가요? (숫자만 입력해 주세요!)
주문하실 메뉴를 메뉴와 개수를 알려 주세요. (e.g. 해산물파스타-2,레드와인-1,초코케이크-1)
12월 3일에 우테코 식당에서 받을 이벤트 혜택 미리 보기!

<주문 메뉴>
티본스테이크 1개
바비큐립 1개
초코케이크 2개
제로콜라 1개

<할인 전 총주문 금액>
142000원

<증정 메뉴>
샴페인 1개

<혜택 내역>
크리스마스 디데이 할인: -1200원
평일 할인: -4046원
특별 할인: -1000원
증정 이벤트: -25000원

<총혜택 금액>
-31246원

<할인 후 예상 결제 금액>
135754원

<12월 이벤트 배지>
산타
안녕하세요! 우테코 식당 12월 이벤트 플래너입니다.
12월 중 식당 예상 방문 날짜는 언제인가요? (숫자만 입력해 주세요!)
주문하실 메뉴를 메뉴와 개수를 알려 주세요. (e.g. 해산물파스타-2,레드와인-1,초코케이크-1)
[ERROR] 유효하지 않은 주문입니다. 다시 입력해 주세요.
주문하실 메뉴를 메뉴와 개수를 알려 주세요. (e.g. 해산물파스타-2,레드와인-1,초코케이크-1)
안녕하세요! 우테코 식당 12월 이벤트 플래너입니다.
12월 중 식당 예상 방문 날짜는 언제인가요? (숫자만 입력해 주세요!)
[ERROR] 유효하지 않은 날짜입니다. 다시 입력해 주세요.
안녕하세요! 우테코 식당 12월 이벤트 플래너입니다.
12월 중 식당 예상 방문 날짜는 언제인가요? (숫자만 입력해 주세요!)
안녕하세요! 우테코 식당 12월 이벤트 플래너입니다.
12월 중 식당 예상 방문 날짜는 언제인가요? (숫자만 입력해 주세요!)
주문하실 메뉴를 메뉴와 개수를 알려 주세요. (e.g. 해산물파스타-2,레드와인-1,초코케이크-1)
12월 3일에 우테코 식당에서 받을 이벤트 혜택 미리 보기!

<주문 메뉴>
티본스테이크 1개
바비큐립 1개
초코케이크 2개
제로콜라 1개

<할인 전 총주문 금액>
142000원

<증정 메뉴>
샴페인 1개

<혜택 내역>
크리스마스 디데이 할인: -1200원
평일 할인: -4046원
특별 할인: -1000원
증정 이벤트: -25000원

<총혜택 금액>
-31246원

<할인 후 예상 결제 금액>
135754원

<12월 이벤트 배지>
산타
안녕하세요! 우테코 식당 12월 이벤트 플래너입니다.
12월 중 식당 예상 방문 날짜는 언제인가요? (숫자만 입력해 주세요!)
주문하실 메뉴를 메뉴와 개수를 알려 주세요. (e.g. 해산물파스타-2,레드와인-1,초코케이크-1)
[ERROR] 유효하지 않은 주문입니다. 다시 입력해 주세요.
주문하실 메뉴를 메뉴와 개수를 알려 주세요. (e.g. 해산물파스타-2,레드와인-1,초코케이크-1)
안녕하세요! 우테코 식당 12월 이벤트 플래너입니다.
12월 중 식당 예상 방문 날짜는 언제인가요? (숫자만 입력해 주세요!)
주문하실 메뉴를 메뉴와 개수를 알려 주세요. (e.g. 해산물파스타-2,레드와인-1,초코케이크-1)
12월 27일에 우테코 식당에서 받을 이벤트 혜택 미리 보기!

<주문 메뉴>
해산물파스타 2개
레드와인 1개
초코케이크 1개

<할인 전 총주문 금액>
145000원

<증정 메뉴>
샴페인 1개

<혜택 내역>
크리스마스 디데이 할인: -0원
평일 할인: -2023원
특별 할인: -0원
증정 이벤트: -25000원

<총혜택 금액>
-27023원

<할인 후 예상 결제 금액>
142977원

<12월 이벤트 배지>
산타
]]></system-out>
  <system-err><![CDATA[]]></system-err>
</testsuite>
