<?xml version="1.0" encoding="UTF-8"?>
<testsuite name="baseball.ApplicationTest" tests="2" skipped="0" failures="0" errors="0" timestamp="2023-10-24T01:37:31" hostname="KimSungSikui-MacBookPro.local" time="0.515">
  <properties/>
  <testcase name="예외 테스트()" classname="baseball.ApplicationTest" time="0.013"/>
  <testcase name="게임종료 후 재시작()" classname="baseball.ApplicationTest" time="0.501"/>
  <system-out><![CDATA[[9, 2, 1]
숫자 야구 게임을 시작합니다.
숫자를 입력해주세요 :
[1, 3, 5]
숫자 야구 게임을 시작합니다.
숫자를 입력해주세요 : 낫싱
숫자를 입력해주세요 : 3스트라이크
3개의 숫자를 모두 맞히셨습니다! 게임 종료
게임을 새로 시작하려면 1, 종료하려면 2를 입력하세요
[5, 8, 9]
숫자 야구 게임을 시작합니다.
숫자를 입력해주세요 : 1볼 1스트라이크
숫자를 입력해주세요 : 3스트라이크
3개의 숫자를 모두 맞히셨습니다! 게임 종료
게임을 새로 시작하려면 1, 종료하려면 2를 입력하세요
]]></system-out>
  <system-err><![CDATA[]]></system-err>
</testsuite>
